********************************************************************************
Field Output Report, written Wed Jan 10 07:09:55 2024

Source 1
---------

   ODB: C:/abaqusTemp/Job-1.odb
   Step: Step-1
   Frame: Increment      1: Step Time =    1.000

Loc 1 : Nodal values from source 1

Output sorted by column "Node Label".

Field Output reported at nodes for part: PART-1-1

      Node Label     U.Magnitude            U.U1            U.U2            U.U3
                          @Loc 1          @Loc 1          @Loc 1          @Loc 1
---------------------------------------------------------------------------------
               1     2.46154E-03    -127.397E-06    -127.397E-06     2.45493E-03
               2     2.45896E-03    -126.737E-06    -70.8113E-06     2.45467E-03
               3     2.45823E-03    -126.836E-06    -28.1020E-06     2.45480E-03
               4     2.45823E-03    -126.836E-06     28.1020E-06     2.45480E-03
               5     2.45896E-03    -126.737E-06     70.8113E-06     2.45467E-03
               6     2.46154E-03    -127.397E-06     127.397E-06     2.45493E-03
               7     2.36099E-03    -120.114E-06    -120.114E-06     2.35487E-03
               8     2.35919E-03    -120.734E-06    -77.6844E-06     2.35482E-03
               9     2.35803E-03    -120.654E-06    -21.4032E-06     2.35484E-03
              10     2.35803E-03    -120.654E-06     21.4032E-06     2.35484E-03
              11     2.35919E-03    -120.734E-06     77.6844E-06     2.35482E-03
              12     2.36099E-03    -120.114E-06     120.114E-06     2.35487E-03
              13     2.26167E-03    -127.417E-06    -127.417E-06     2.25448E-03
              14     2.25939E-03    -126.817E-06    -70.7736E-06     2.25472E-03
              15     2.25834E-03    -126.887E-06    -28.1391E-06     2.25460E-03
              16     2.25834E-03    -126.887E-06     28.1391E-06     2.25460E-03
              17     2.25939E-03    -126.817E-06     70.7736E-06     2.25472E-03
              18     2.26167E-03    -127.417E-06     127.417E-06     2.25448E-03
              19     2.16189E-03    -120.012E-06    -120.012E-06     2.15522E-03
              20     2.15961E-03    -120.608E-06    -77.8019E-06     2.15484E-03
              21     2.15850E-03    -120.541E-06    -21.2825E-06     2.15502E-03
              22     2.15850E-03    -120.541E-06     21.2825E-06     2.15502E-03
              23     2.15961E-03    -120.608E-06     77.8019E-06     2.15484E-03
              24     2.16189E-03    -120.012E-06     120.012E-06     2.15522E-03
              25     2.06207E-03    -127.595E-06    -127.595E-06     2.05416E-03
              26     2.05980E-03    -126.993E-06    -70.5896E-06     2.05467E-03
              27     2.05854E-03    -127.061E-06    -28.3264E-06     2.05442E-03
              28     2.05854E-03    -127.061E-06     28.3264E-06     2.05442E-03
              29     2.05980E-03    -126.993E-06     70.5896E-06     2.05467E-03
              30     2.06207E-03    -127.595E-06     127.595E-06     2.05416E-03
              31     1.96286E-03    -119.762E-06    -119.762E-06     1.95554E-03
              32     1.96015E-03    -120.377E-06    -78.0510E-06     1.95489E-03
              33     1.95901E-03    -120.305E-06    -21.0340E-06     1.95520E-03
              34     1.95901E-03    -120.305E-06     21.0340E-06     1.95520E-03
              35     1.96015E-03    -120.377E-06     78.0510E-06     1.95489E-03
              36     1.96286E-03    -119.762E-06     119.762E-06     1.95554E-03
              37     1.86264E-03    -127.918E-06    -127.918E-06     1.85383E-03
              38     1.86031E-03    -127.283E-06    -70.2752E-06     1.85462E-03
              39     1.85883E-03    -127.362E-06    -28.6373E-06     1.85424E-03
              40     1.85883E-03    -127.362E-06     28.6373E-06     1.85424E-03
              41     1.86031E-03    -127.283E-06     70.2752E-06     1.85462E-03
              42     1.86264E-03    -127.918E-06     127.918E-06     1.85383E-03
              43     1.76397E-03    -119.365E-06    -119.365E-06     1.75588E-03
              44     1.76080E-03    -120.026E-06    -78.4333E-06     1.75495E-03
              45     1.75961E-03    -119.938E-06    -20.6579E-06     1.75540E-03
              46     1.75961E-03    -119.938E-06     20.6579E-06     1.75540E-03
              47     1.76080E-03    -120.026E-06     78.4333E-06     1.75495E-03
              48     1.76397E-03    -119.365E-06     119.365E-06     1.75588E-03
              49     1.66342E-03    -128.391E-06    -128.391E-06     1.65348E-03
              50     1.66094E-03    -127.700E-06    -69.8218E-06     1.65455E-03
              51     1.65921E-03    -127.799E-06    -29.0823E-06     1.65403E-03
              52     1.65921E-03    -127.799E-06     29.0823E-06     1.65403E-03
              53     1.66094E-03    -127.700E-06     69.8218E-06     1.65455E-03
              54     1.66342E-03    -128.391E-06     128.391E-06     1.65348E-03
              55     1.56530E-03    -118.813E-06    -118.813E-06     1.55625E-03
              56     1.56160E-03    -119.538E-06    -78.9617E-06     1.55501E-03
              57     1.56033E-03    -119.425E-06    -20.1399E-06     1.55562E-03
              58     1.56033E-03    -119.425E-06     20.1399E-06     1.55562E-03
              59     1.56160E-03    -119.538E-06     78.9617E-06     1.55501E-03
              60     1.56530E-03    -118.813E-06     118.813E-06     1.55625E-03
              61     1.46449E-03    -129.027E-06    -129.027E-06     1.45307E-03
              62     1.46177E-03    -128.262E-06    -69.2140E-06     1.45448E-03
              63     1.45976E-03    -128.391E-06    -29.6779E-06     1.45380E-03
              64     1.45976E-03    -128.391E-06     29.6779E-06     1.45380E-03
              65     1.46177E-03    -128.262E-06     69.2140E-06     1.45448E-03
              66     1.46449E-03    -129.027E-06     129.027E-06     1.45307E-03
              67     1.36692E-03    -118.088E-06    -118.088E-06     1.35668E-03
              68     1.36263E-03    -118.897E-06    -79.6543E-06     1.35509E-03
              69     1.36120E-03    -118.749E-06    -19.4619E-06     1.35587E-03
              70     1.36120E-03    -118.749E-06     19.4619E-06     1.35587E-03
              71     1.36263E-03    -118.897E-06     79.6543E-06     1.35509E-03
              72     1.36692E-03    -118.088E-06     118.088E-06     1.35668E-03
              73     1.26601E-03    -129.847E-06    -129.847E-06     1.25262E-03
              74     1.26287E-03    -128.990E-06    -68.4313E-06     1.25440E-03
              75     1.26053E-03    -129.158E-06    -30.4437E-06     1.25353E-03
              76     1.26053E-03    -129.158E-06     30.4437E-06     1.25353E-03
              77     1.26287E-03    -128.990E-06     68.4313E-06     1.25440E-03
              78     1.26601E-03    -129.847E-06     129.847E-06     1.25262E-03
              79     1.16897E-03    -117.164E-06    -117.164E-06     1.15717E-03
              80     1.16400E-03    -118.076E-06    -80.5340E-06     1.15519E-03
              81     1.16230E-03    -117.884E-06    -18.6030E-06     1.15616E-03
              82     1.16230E-03    -117.884E-06     18.6030E-06     1.15616E-03
              83     1.16400E-03    -118.076E-06     80.5340E-06     1.15519E-03
              84     1.16897E-03    -117.164E-06     117.164E-06     1.15717E-03
              85     1.06825E-03    -130.881E-06    -130.881E-06     1.05210E-03
              86     1.06441E-03    -129.911E-06    -67.4475E-06     1.05429E-03
              87     1.06169E-03    -130.132E-06    -31.4021E-06     1.05321E-03
              88     1.06169E-03    -130.132E-06     31.4021E-06     1.05321E-03
              89     1.06441E-03    -129.911E-06     67.4475E-06     1.05429E-03
              90     1.06825E-03    -130.881E-06     130.881E-06     1.05210E-03
              91     971.692E-06    -116.004E-06    -116.004E-06     957.743E-06
              92     965.907E-06    -117.040E-06    -81.6239E-06     955.309E-06
              93     963.765E-06    -116.786E-06    -17.5348E-06     956.502E-06
              94     963.765E-06    -116.786E-06     17.5348E-06     956.502E-06
              95     965.907E-06    -117.040E-06     81.6239E-06     955.309E-06
              96     971.692E-06    -116.004E-06     116.004E-06     957.743E-06
              97     871.732E-06    -132.163E-06    -132.163E-06     851.459E-06
              98     866.679E-06    -131.049E-06    -66.2201E-06     854.150E-06
              99     863.515E-06    -131.351E-06    -32.5805E-06     852.844E-06
             100     863.515E-06    -131.351E-06     32.5805E-06     852.844E-06
             101     866.679E-06    -131.049E-06     66.2201E-06     854.150E-06
             102     871.732E-06    -132.163E-06     132.163E-06     851.459E-06
             103     775.499E-06    -114.569E-06    -114.569E-06     758.384E-06
             104     768.749E-06    -115.767E-06    -82.9348E-06     755.444E-06
             105     765.872E-06    -115.376E-06    -16.1901E-06     756.959E-06
             106     765.872E-06    -115.376E-06     16.1901E-06     756.959E-06
             107     768.749E-06    -115.767E-06     82.9348E-06     755.444E-06
             108     775.499E-06    -114.569E-06     114.569E-06     758.384E-06
             109     677.448E-06    -133.756E-06    -133.756E-06     650.503E-06
             110     670.273E-06    -132.409E-06    -64.7284E-06     653.869E-06
             111     666.557E-06    -132.845E-06    -34.0714E-06     652.296E-06
             112     666.557E-06    -132.845E-06     34.0714E-06     652.296E-06
             113     670.273E-06    -132.409E-06     64.7284E-06     653.869E-06
             114     677.448E-06    -133.756E-06     133.756E-06     650.503E-06
             115     581.226E-06    -113.114E-06    -113.114E-06     558.779E-06
             116     573.450E-06    -114.528E-06    -84.6482E-06     555.485E-06
             117     569.165E-06    -113.845E-06    -14.5059E-06     557.474E-06
             118     569.165E-06    -113.845E-06     14.5059E-06     557.474E-06
             119     573.450E-06    -114.528E-06     84.6482E-06     555.485E-06
             120     581.226E-06    -113.114E-06     113.114E-06     558.779E-06
             121     489.283E-06    -135.934E-06    -135.934E-06     449.936E-06
             122     477.174E-06    -134.263E-06    -63.6990E-06     453.443E-06
             123     472.325E-06    -134.804E-06    -36.3284E-06     451.220E-06
             124     472.325E-06    -134.804E-06     36.3284E-06     451.220E-06
             125     477.174E-06    -134.263E-06     63.6990E-06     453.443E-06
             126     489.283E-06    -135.934E-06     135.934E-06     449.936E-06
             127     393.147E-06    -112.686E-06    -112.686E-06     359.401E-06
             128     384.798E-06    -114.525E-06    -88.3959E-06     356.567E-06
             129     374.254E-06    -114.615E-06    -13.7851E-06     356.005E-06
             130     374.254E-06    -114.615E-06     13.7851E-06     356.005E-06
             131     384.798E-06    -114.525E-06     88.3959E-06     356.567E-06
             132     393.147E-06    -112.686E-06     112.686E-06     359.401E-06
             133     327.778E-06    -137.965E-06    -137.965E-06     263.381E-06
             134     299.032E-06    -137.724E-06    -66.0076E-06     257.090E-06
             135     290.716E-06    -138.995E-06    -39.1435E-06     252.317E-06
             136     290.716E-06    -138.995E-06     39.1435E-06     252.317E-06
             137     299.032E-06    -137.724E-06     66.0076E-06     257.090E-06
             138     327.778E-06    -137.965E-06     137.965E-06     263.381E-06
             139     228.453E-06    -104.089E-06    -104.089E-06     174.705E-06
             140     221.841E-06    -107.738E-06    -91.5519E-06     170.951E-06
             141     190.785E-06    -116.841E-06    -19.2448E-06     149.589E-06
             142     190.785E-06    -116.841E-06     19.2448E-06     149.589E-06
             143     221.841E-06    -107.738E-06     91.5519E-06     170.951E-06
             144     228.453E-06    -104.089E-06     104.089E-06     174.705E-06
             145     213.424E-06    -120.396E-06    -120.396E-06     128.684E-06
             146     159.032E-06    -129.166E-06    -47.8164E-06     79.5041E-06
             147     162.277E-06    -135.832E-06    -19.3686E-06     86.6511E-06
             148     162.277E-06    -135.832E-06     19.3686E-06     86.6511E-06
             149     159.032E-06    -129.166E-06     47.8164E-06     79.5041E-06
             150     213.424E-06    -120.396E-06     120.396E-06     128.684E-06
             151              0.    -137.752E-39    -137.752E-39     382.167E-39
             152              0.    -275.366E-39    -134.134E-39     615.385E-39
             153              0.    -281.279E-39    -23.0482E-39     585.435E-39
             154              0.    -281.279E-39     23.0482E-39     585.435E-39
             155              0.    -275.366E-39     134.134E-39     615.385E-39
             156              0.    -137.752E-39     137.752E-39     382.167E-39
             157     2.45896E-03    -70.8113E-06    -126.737E-06     2.45467E-03
             158     2.45689E-03    -71.2368E-06    -71.2368E-06     2.45482E-03
             159     2.45594E-03    -71.2433E-06    -27.7713E-06     2.45475E-03
             160     2.45594E-03    -71.2433E-06     27.7713E-06     2.45475E-03
             161     2.45689E-03    -71.2368E-06     71.2368E-06     2.45482E-03
             162     2.45896E-03    -70.8113E-06     126.737E-06     2.45467E-03
             163     2.35919E-03    -77.6844E-06    -120.734E-06     2.35482E-03
             164     2.35720E-03    -77.2915E-06    -77.2915E-06     2.35467E-03
             165     2.35611E-03    -77.2662E-06    -21.7031E-06     2.35475E-03
             166     2.35611E-03    -77.2662E-06     21.7031E-06     2.35475E-03
             167     2.35720E-03    -77.2915E-06     77.2915E-06     2.35467E-03
             168     2.35919E-03    -77.6844E-06     120.734E-06     2.35482E-03
             169     2.25939E-03    -70.7736E-06    -126.817E-06     2.25472E-03
             170     2.25718E-03    -71.1612E-06    -71.1612E-06     2.25493E-03
             171     2.25612E-03    -71.1933E-06    -27.8415E-06     2.25482E-03
             172     2.25612E-03    -71.1933E-06     27.8415E-06     2.25482E-03
             173     2.25718E-03    -71.1612E-06     71.1612E-06     2.25493E-03
             174     2.25939E-03    -70.7736E-06     126.817E-06     2.25472E-03
             175     2.15961E-03    -77.8019E-06    -120.608E-06     2.15484E-03
             176     2.15730E-03    -77.4092E-06    -77.4092E-06     2.15452E-03
             177     2.15618E-03    -77.3773E-06    -21.5885E-06     2.15468E-03
             178     2.15618E-03    -77.3773E-06     21.5885E-06     2.15468E-03
             179     2.15730E-03    -77.4092E-06     77.4092E-06     2.15452E-03
             180     2.15961E-03    -77.8019E-06     120.608E-06     2.15484E-03
             181     2.05980E-03    -70.5896E-06    -126.993E-06     2.05467E-03
             182     2.05755E-03    -70.9925E-06    -70.9925E-06     2.05510E-03
             183     2.05630E-03    -71.0216E-06    -28.0087E-06     2.05488E-03
             184     2.05630E-03    -71.0216E-06     28.0087E-06     2.05488E-03
             185     2.05755E-03    -70.9925E-06     70.9925E-06     2.05510E-03
             186     2.05980E-03    -70.5896E-06     126.993E-06     2.05467E-03
             187     1.96015E-03    -78.0510E-06    -120.377E-06     1.95489E-03
             188     1.95743E-03    -77.6351E-06    -77.6351E-06     1.95435E-03
             189     1.95628E-03    -77.6099E-06    -21.3645E-06     1.95462E-03
             190     1.95628E-03    -77.6099E-06     21.3645E-06     1.95462E-03
             191     1.95743E-03    -77.6351E-06     77.6351E-06     1.95435E-03
             192     1.96015E-03    -78.0510E-06     120.377E-06     1.95489E-03
             193     1.86031E-03    -70.2752E-06    -127.283E-06     1.85462E-03
             194     1.85797E-03    -70.7063E-06    -70.7063E-06     1.85528E-03
             195     1.85651E-03    -70.7268E-06    -28.2932E-06     1.85494E-03
             196     1.85651E-03    -70.7268E-06     28.2932E-06     1.85494E-03
             197     1.85797E-03    -70.7063E-06     70.7063E-06     1.85528E-03
             198     1.86031E-03    -70.2752E-06     127.283E-06     1.85462E-03
             199     1.76080E-03    -78.4333E-06    -120.026E-06     1.75495E-03
             200     1.75762E-03    -77.9847E-06    -77.9847E-06     1.75416E-03
             201     1.75641E-03    -77.9696E-06    -21.0164E-06     1.75456E-03
             202     1.75641E-03    -77.9696E-06     21.0164E-06     1.75456E-03
             203     1.75762E-03    -77.9847E-06     77.9847E-06     1.75416E-03
             204     1.76080E-03    -78.4333E-06     120.026E-06     1.75495E-03
             205     1.66094E-03    -69.8218E-06    -127.700E-06     1.65455E-03
             206     1.65846E-03    -70.2900E-06    -70.2900E-06     1.65548E-03
             207     1.65675E-03    -70.2988E-06    -28.7084E-06     1.65501E-03
             208     1.65675E-03    -70.2988E-06     28.7084E-06     1.65501E-03
             209     1.65846E-03    -70.2900E-06     70.2900E-06     1.65548E-03
             210     1.66094E-03    -69.8218E-06     127.700E-06     1.65455E-03
             211     1.56160E-03    -78.9617E-06    -119.538E-06     1.55501E-03
             212     1.55790E-03    -78.4717E-06    -78.4717E-06     1.55394E-03
             213     1.55660E-03    -78.4700E-06    -20.5305E-06     1.55448E-03
             214     1.55660E-03    -78.4700E-06     20.5305E-06     1.55448E-03
             215     1.55790E-03    -78.4717E-06     78.4717E-06     1.55394E-03
             216     1.56160E-03    -78.9617E-06     119.538E-06     1.55501E-03
             217     1.46177E-03    -69.2140E-06    -128.262E-06     1.45448E-03
             218     1.45904E-03    -69.7279E-06    -69.7279E-06     1.45571E-03
             219     1.45705E-03    -69.7214E-06    -29.2695E-06     1.45509E-03
             220     1.45705E-03    -69.7214E-06     29.2695E-06     1.45509E-03
             221     1.45904E-03    -69.7279E-06     69.7279E-06     1.45571E-03
             222     1.46177E-03    -69.2140E-06     128.262E-06     1.45448E-03
             223     1.36263E-03    -79.6543E-06    -118.897E-06     1.35509E-03
             224     1.35832E-03    -79.1142E-06    -79.1142E-06     1.35370E-03
             225     1.35686E-03    -79.1301E-06    -19.8890E-06     1.35440E-03
             226     1.35686E-03    -79.1301E-06     19.8890E-06     1.35440E-03
             227     1.35832E-03    -79.1142E-06     79.1142E-06     1.35370E-03
             228     1.36263E-03    -79.6543E-06     118.897E-06     1.35509E-03
             229     1.26287E-03    -68.4313E-06    -128.990E-06     1.25440E-03
             230     1.25976E-03    -68.9993E-06    -68.9993E-06     1.25597E-03
             231     1.25743E-03    -68.9729E-06    -29.9975E-06     1.25518E-03
             232     1.25743E-03    -68.9729E-06     29.9975E-06     1.25518E-03
             233     1.25976E-03    -68.9993E-06     68.9993E-06     1.25597E-03
             234     1.26287E-03    -68.4313E-06     128.990E-06     1.25440E-03
             235     1.16400E-03    -80.5340E-06    -118.076E-06     1.15519E-03
             236     1.15894E-03    -79.9365E-06    -79.9365E-06     1.15341E-03
             237     1.15723E-03    -79.9753E-06    -19.0679E-06     1.15430E-03
             238     1.15723E-03    -79.9753E-06     19.0679E-06     1.15430E-03
             239     1.15894E-03    -79.9365E-06     79.9365E-06     1.15341E-03
             240     1.16400E-03    -80.5340E-06     118.076E-06     1.15519E-03
             241     1.06441E-03    -67.4475E-06    -129.911E-06     1.05429E-03
             242     1.06066E-03    -68.0753E-06    -68.0753E-06     1.05628E-03
             243     1.05792E-03    -68.0244E-06    -30.9201E-06     1.05528E-03
             244     1.05792E-03    -68.0244E-06     30.9201E-06     1.05528E-03
             245     1.06066E-03    -68.0753E-06     68.0753E-06     1.05628E-03
             246     1.06441E-03    -67.4475E-06     129.911E-06     1.05429E-03
             247     965.907E-06    -81.6239E-06    -117.040E-06     955.309E-06
             248     959.920E-06    -80.9664E-06    -80.9664E-06     953.067E-06
             249     957.804E-06    -81.0325E-06    -18.0300E-06     954.199E-06
             250     957.804E-06    -81.0325E-06     18.0300E-06     954.199E-06
             251     959.920E-06    -80.9664E-06     80.9664E-06     953.067E-06
             252     965.907E-06    -81.6239E-06     117.040E-06     955.309E-06
             253     866.679E-06    -66.2201E-06    -131.049E-06     854.150E-06
             254     861.897E-06    -66.9047E-06    -66.9047E-06     856.688E-06
             255     858.611E-06    -66.8257E-06    -32.0791E-06     855.405E-06
             256     858.611E-06    -66.8257E-06     32.0791E-06     855.405E-06
             257     861.897E-06    -66.9047E-06     66.9047E-06     856.688E-06
             258     866.679E-06    -66.2201E-06     131.049E-06     854.150E-06
             259     768.749E-06    -82.9348E-06    -115.767E-06     755.444E-06
             260     761.491E-06    -82.2359E-06    -82.2359E-06     752.558E-06
             261     758.760E-06    -82.3059E-06    -16.6886E-06     754.098E-06
             262     758.760E-06    -82.3059E-06     16.6886E-06     754.098E-06
             263     761.491E-06    -82.2359E-06     82.2359E-06     752.558E-06
             264     768.749E-06    -82.9348E-06     115.767E-06     755.444E-06
             265     670.273E-06    -64.7284E-06    -132.409E-06     653.869E-06
             266     663.819E-06    -65.4191E-06    -65.4191E-06     657.340E-06
             267     659.762E-06    -65.3102E-06    -33.6069E-06     655.661E-06
             268     659.762E-06    -65.3102E-06     33.6069E-06     655.661E-06
             269     663.819E-06    -65.4191E-06     65.4191E-06     657.340E-06
             270     670.273E-06    -64.7284E-06     132.409E-06     653.869E-06
             271     573.450E-06    -84.6482E-06    -114.528E-06     555.485E-06
             272     564.348E-06    -84.0112E-06    -84.0112E-06     551.700E-06
             273     560.387E-06    -83.9367E-06    -14.9225E-06     553.864E-06
             274     560.387E-06    -83.9367E-06     14.9225E-06     553.864E-06
             275     564.348E-06    -84.0112E-06     84.0112E-06     551.700E-06
             276     573.450E-06    -84.6482E-06     114.528E-06     555.485E-06
             277     477.174E-06    -63.6990E-06    -134.263E-06     453.443E-06
             278     467.042E-06    -64.1674E-06    -64.1674E-06     458.142E-06
             279     461.737E-06    -64.1606E-06    -36.0574E-06     455.834E-06
             280     461.737E-06    -64.1606E-06     36.0574E-06     455.834E-06
             281     467.042E-06    -64.1674E-06     64.1674E-06     458.142E-06
             282     477.174E-06    -63.6990E-06     134.263E-06     453.443E-06
             283     384.798E-06    -88.3959E-06    -114.525E-06     356.567E-06
             284     373.576E-06    -88.0745E-06    -88.0745E-06     352.200E-06
             285     363.100E-06    -88.1785E-06    -13.7778E-06     351.961E-06
             286     363.100E-06    -88.1785E-06     13.7778E-06     351.961E-06
             287     373.576E-06    -88.0745E-06     88.0745E-06     352.200E-06
             288     384.798E-06    -88.3959E-06     114.525E-06     356.567E-06
             289     299.032E-06    -66.0076E-06    -137.724E-06     257.090E-06
             290     271.025E-06    -65.8641E-06    -65.8641E-06     254.516E-06
             291     262.471E-06    -67.8810E-06    -39.0773E-06     250.512E-06
             292     262.471E-06    -67.8810E-06     39.0773E-06     250.512E-06
             293     271.025E-06    -65.8641E-06     65.8641E-06     254.516E-06
             294     299.032E-06    -66.0076E-06     137.724E-06     257.090E-06
             295     221.841E-06    -91.5519E-06    -107.738E-06     170.951E-06
             296     211.881E-06    -91.9660E-06    -91.9660E-06     167.267E-06
             297     177.034E-06    -98.4262E-06    -18.1593E-06     146.026E-06
             298     177.034E-06    -98.4262E-06     18.1593E-06     146.026E-06
             299     211.881E-06    -91.9660E-06     91.9660E-06     167.267E-06
             300     221.841E-06    -91.5519E-06     107.738E-06     170.951E-06
             301     159.032E-06    -47.8164E-06    -129.166E-06     79.5041E-06
             302     72.6426E-06    -47.2983E-06    -47.2983E-06     28.3318E-06
             303     67.0737E-06    -55.0860E-06    -17.1167E-06     34.2262E-06
             304     67.0737E-06    -55.0860E-06     17.1167E-06     34.2262E-06
             305     72.6426E-06    -47.2983E-06     47.2983E-06     28.3318E-06
             306     159.032E-06    -47.8164E-06     129.166E-06     79.5041E-06
             307              0.    -134.134E-39    -275.366E-39     615.385E-39
             308              0.    -275.661E-39    -275.661E-39     922.695E-39
             309              0.    -291.926E-39    -50.2461E-39     861.164E-39
             310              0.    -291.926E-39     50.2461E-39     861.164E-39
             311              0.    -275.661E-39     275.661E-39     922.695E-39
             312              0.    -134.134E-39     275.366E-39     615.385E-39
             313     2.45823E-03    -28.1020E-06    -126.836E-06     2.45480E-03
             314     2.45594E-03    -27.7713E-06    -71.2433E-06     2.45475E-03
             315     2.45509E-03    -27.7194E-06    -27.7194E-06     2.45477E-03
             316     2.45509E-03    -27.7194E-06     27.7194E-06     2.45477E-03
             317     2.45594E-03    -27.7713E-06     71.2433E-06     2.45475E-03
             318     2.45823E-03    -28.1020E-06     126.836E-06     2.45480E-03
             319     2.35803E-03    -21.4032E-06    -120.654E-06     2.35484E-03
             320     2.35611E-03    -21.7031E-06    -77.2662E-06     2.35475E-03
             321     2.35499E-03    -21.7702E-06    -21.7702E-06     2.35479E-03
             322     2.35499E-03    -21.7702E-06     21.7702E-06     2.35479E-03
             323     2.35611E-03    -21.7031E-06     77.2662E-06     2.35475E-03
             324     2.35803E-03    -21.4032E-06     120.654E-06     2.35484E-03
             325     2.25834E-03    -28.1391E-06    -126.887E-06     2.25460E-03
             326     2.25612E-03    -27.8415E-06    -71.1933E-06     2.25482E-03
             327     2.25505E-03    -27.7703E-06    -27.7703E-06     2.25471E-03
             328     2.25505E-03    -27.7703E-06     27.7703E-06     2.25471E-03
             329     2.25612E-03    -27.8415E-06     71.1933E-06     2.25482E-03
             330     2.25834E-03    -28.1391E-06     126.887E-06     2.25460E-03
             331     2.15850E-03    -21.2825E-06    -120.541E-06     2.15502E-03
             332     2.15618E-03    -21.5885E-06    -77.3773E-06     2.15468E-03
             333     2.15507E-03    -21.6594E-06    -21.6594E-06     2.15485E-03
             334     2.15507E-03    -21.6594E-06     21.6594E-06     2.15485E-03
             335     2.15618E-03    -21.5885E-06     77.3773E-06     2.15468E-03
             336     2.15850E-03    -21.2825E-06     120.541E-06     2.15502E-03
             337     2.05854E-03    -28.3264E-06    -127.061E-06     2.05442E-03
             338     2.05630E-03    -28.0087E-06    -71.0216E-06     2.05488E-03
             339     2.05503E-03    -27.9404E-06    -27.9404E-06     2.05465E-03
             340     2.05503E-03    -27.9404E-06     27.9404E-06     2.05465E-03
             341     2.05630E-03    -28.0087E-06     71.0216E-06     2.05488E-03
             342     2.05854E-03    -28.3264E-06     127.061E-06     2.05442E-03
             343     1.95901E-03    -21.0340E-06    -120.305E-06     1.95520E-03
             344     1.95628E-03    -21.3645E-06    -77.6099E-06     1.95462E-03
             345     1.95514E-03    -21.4294E-06    -21.4294E-06     1.95491E-03
             346     1.95514E-03    -21.4294E-06     21.4294E-06     1.95491E-03
             347     1.95628E-03    -21.3645E-06     77.6099E-06     1.95462E-03
             348     1.95901E-03    -21.0340E-06     120.305E-06     1.95520E-03
             349     1.85883E-03    -28.6373E-06    -127.362E-06     1.85424E-03
             350     1.85651E-03    -28.2932E-06    -70.7268E-06     1.85494E-03
             351     1.85502E-03    -28.2322E-06    -28.2322E-06     1.85459E-03
             352     1.85502E-03    -28.2322E-06     28.2322E-06     1.85459E-03
             353     1.85651E-03    -28.2932E-06     70.7268E-06     1.85494E-03
             354     1.85883E-03    -28.6373E-06     127.362E-06     1.85424E-03
             355     1.75961E-03    -20.6579E-06    -119.938E-06     1.75540E-03
             356     1.75641E-03    -21.0164E-06    -77.9696E-06     1.75456E-03
             357     1.75523E-03    -21.0734E-06    -21.0734E-06     1.75497E-03
             358     1.75523E-03    -21.0734E-06     21.0734E-06     1.75497E-03
             359     1.75641E-03    -21.0164E-06     77.9696E-06     1.75456E-03
             360     1.75961E-03    -20.6579E-06     119.938E-06     1.75540E-03
             361     1.65921E-03    -29.0823E-06    -127.799E-06     1.65403E-03
             362     1.65675E-03    -28.7084E-06    -70.2988E-06     1.65501E-03
             363     1.65502E-03    -28.6557E-06    -28.6557E-06     1.65453E-03
             364     1.65502E-03    -28.6557E-06     28.6557E-06     1.65453E-03
             365     1.65675E-03    -28.7084E-06     70.2988E-06     1.65501E-03
             366     1.65921E-03    -29.0823E-06     127.799E-06     1.65403E-03
             367     1.56033E-03    -20.1399E-06    -119.425E-06     1.55562E-03
             368     1.55660E-03    -20.5305E-06    -78.4700E-06     1.55448E-03
             369     1.55532E-03    -20.5784E-06    -20.5784E-06     1.55505E-03
             370     1.55532E-03    -20.5784E-06     20.5784E-06     1.55505E-03
             371     1.55660E-03    -20.5305E-06     78.4700E-06     1.55448E-03
             372     1.56033E-03    -20.1399E-06     119.425E-06     1.55562E-03
             373     1.45976E-03    -29.6779E-06    -128.391E-06     1.45380E-03
             374     1.45705E-03    -29.2695E-06    -69.7214E-06     1.45509E-03
             375     1.45504E-03    -29.2268E-06    -29.2268E-06     1.45445E-03
             376     1.45504E-03    -29.2268E-06     29.2268E-06     1.45445E-03
             377     1.45705E-03    -29.2695E-06     69.7214E-06     1.45509E-03
             378     1.45976E-03    -29.6779E-06     128.391E-06     1.45380E-03
             379     1.36120E-03    -19.4619E-06    -118.749E-06     1.35587E-03
             380     1.35686E-03    -19.8890E-06    -79.1301E-06     1.35440E-03
             381     1.35542E-03    -19.9258E-06    -19.9258E-06     1.35513E-03
             382     1.35542E-03    -19.9258E-06     19.9258E-06     1.35513E-03
             383     1.35686E-03    -19.8890E-06     79.1301E-06     1.35440E-03
             384     1.36120E-03    -19.4619E-06     118.749E-06     1.35587E-03
             385     1.26053E-03    -30.4437E-06    -129.158E-06     1.25353E-03
             386     1.25743E-03    -29.9975E-06    -68.9729E-06     1.25518E-03
             387     1.25508E-03    -29.9671E-06    -29.9671E-06     1.25436E-03
             388     1.25508E-03    -29.9671E-06     29.9671E-06     1.25436E-03
             389     1.25743E-03    -29.9975E-06     68.9729E-06     1.25518E-03
             390     1.26053E-03    -30.4437E-06     129.158E-06     1.25353E-03
             391     1.16230E-03    -18.6030E-06    -117.884E-06     1.15616E-03
             392     1.15723E-03    -19.0679E-06    -79.9753E-06     1.15430E-03
             393     1.15554E-03    -19.0923E-06    -19.0923E-06     1.15522E-03
             394     1.15554E-03    -19.0923E-06     19.0923E-06     1.15522E-03
             395     1.15723E-03    -19.0679E-06     79.9753E-06     1.15430E-03
             396     1.16230E-03    -18.6030E-06     117.884E-06     1.15616E-03
             397     1.06169E-03    -31.4021E-06    -130.132E-06     1.05321E-03
             398     1.05792E-03    -30.9201E-06    -68.0244E-06     1.05528E-03
             399     1.05516E-03    -30.9005E-06    -30.9005E-06     1.05426E-03
             400     1.05516E-03    -30.9005E-06     30.9005E-06     1.05426E-03
             401     1.05792E-03    -30.9201E-06     68.0244E-06     1.05528E-03
             402     1.06169E-03    -31.4021E-06     130.132E-06     1.05321E-03
             403     963.765E-06    -17.5348E-06    -116.786E-06     956.502E-06
             404     957.804E-06    -18.0300E-06    -81.0325E-06     954.199E-06
             405     955.674E-06    -18.0503E-06    -18.0503E-06     955.333E-06
             406     955.674E-06    -18.0503E-06     18.0503E-06     955.333E-06
             407     957.804E-06    -18.0300E-06     81.0325E-06     954.199E-06
             408     963.765E-06    -17.5348E-06     116.786E-06     956.502E-06
             409     863.515E-06    -32.5805E-06    -131.351E-06     852.844E-06
             410     858.611E-06    -32.0791E-06    -66.8257E-06     855.405E-06
             411     855.360E-06    -32.0497E-06    -32.0497E-06     854.158E-06
             412     855.360E-06    -32.0497E-06     32.0497E-06     854.158E-06
             413     858.611E-06    -32.0791E-06     66.8257E-06     855.405E-06
             414     863.515E-06    -32.5805E-06     131.351E-06     852.844E-06
             415     765.872E-06    -16.1901E-06    -115.376E-06     756.959E-06
             416     758.760E-06    -16.6886E-06    -82.3059E-06     754.098E-06
             417     755.937E-06    -16.7320E-06    -16.7320E-06     755.567E-06
             418     755.937E-06    -16.7320E-06     16.7320E-06     755.567E-06
             419     758.760E-06    -16.6886E-06     82.3059E-06     754.098E-06
             420     765.872E-06    -16.1901E-06     115.376E-06     756.959E-06
             421     666.557E-06    -34.0714E-06    -132.845E-06     652.296E-06
             422     659.762E-06    -33.6069E-06    -65.3102E-06     655.661E-06
             423     655.809E-06    -33.5209E-06    -33.5209E-06     654.093E-06
             424     655.809E-06    -33.5209E-06     33.5209E-06     654.093E-06
             425     659.762E-06    -33.6069E-06     65.3102E-06     655.661E-06
             426     666.557E-06    -34.0714E-06     132.845E-06     652.296E-06
             427     569.165E-06    -14.5059E-06    -113.845E-06     557.474E-06
             428     560.387E-06    -14.9225E-06    -83.9367E-06     553.864E-06
             429     556.520E-06    -14.9512E-06    -14.9512E-06     556.118E-06
             430     556.520E-06    -14.9512E-06     14.9512E-06     556.118E-06
             431     560.387E-06    -14.9225E-06     83.9367E-06     553.864E-06
             432     569.165E-06    -14.5059E-06     113.845E-06     557.474E-06
             433     472.325E-06    -36.3284E-06    -134.804E-06     451.220E-06
             434     461.737E-06    -36.0574E-06    -64.1606E-06     455.834E-06
             435     455.959E-06    -36.0869E-06    -36.0869E-06     453.094E-06
             436     455.959E-06    -36.0869E-06     36.0869E-06     453.094E-06
             437     461.737E-06    -36.0574E-06     64.1606E-06     455.834E-06
             438     472.325E-06    -36.3284E-06     134.804E-06     451.220E-06
             439     374.254E-06    -13.7851E-06    -114.615E-06     356.005E-06
             440     363.100E-06    -13.7778E-06    -88.1785E-06     351.961E-06
             441     353.332E-06    -13.5318E-06    -13.5318E-06     352.813E-06
             442     353.332E-06    -13.5318E-06     13.5318E-06     352.813E-06
             443     363.100E-06    -13.7778E-06     88.1785E-06     351.961E-06
             444     374.254E-06    -13.7851E-06     114.615E-06     356.005E-06
             445     290.716E-06    -39.1435E-06    -138.995E-06     252.317E-06
             446     262.471E-06    -39.0773E-06    -67.8810E-06     250.512E-06
             447     250.098E-06    -40.7261E-06    -40.7261E-06     243.376E-06
             448     250.098E-06    -40.7261E-06     40.7261E-06     243.376E-06
             449     262.471E-06    -39.0773E-06     67.8810E-06     250.512E-06
             450     290.716E-06    -39.1435E-06     138.995E-06     252.317E-06
             451     190.785E-06    -19.2448E-06    -116.841E-06     149.589E-06
             452     177.034E-06    -18.1593E-06    -98.4262E-06     146.026E-06
             453     125.129E-06    -19.2565E-06    -19.2565E-06     122.130E-06
             454     125.129E-06    -19.2565E-06     19.2565E-06     122.130E-06
             455     177.034E-06    -18.1593E-06     98.4262E-06     146.026E-06
             456     190.785E-06    -19.2448E-06     116.841E-06     149.589E-06
             457     162.277E-06    -19.3686E-06    -135.832E-06     86.6511E-06
             458     67.0737E-06    -17.1167E-06    -55.0860E-06     34.2262E-06
             459     50.7510E-06    -19.9896E-06    -19.9896E-06     42.1485E-06
             460     50.7510E-06    -19.9896E-06     19.9896E-06     42.1485E-06
             461     67.0737E-06    -17.1167E-06     55.0860E-06     34.2262E-06
             462     162.277E-06    -19.3686E-06     135.832E-06     86.6511E-06
             463              0.    -23.0482E-39    -281.279E-39     585.435E-39
             464              0.    -50.2461E-39    -291.926E-39     861.164E-39
             465              0.    -60.7500E-39    -60.7500E-39     821.168E-39
             466              0.    -60.7500E-39     60.7500E-39     821.168E-39
             467              0.    -50.2461E-39     291.926E-39     861.164E-39
             468              0.    -23.0482E-39     281.279E-39     585.435E-39
             469     2.45823E-03     28.1020E-06    -126.836E-06     2.45480E-03
             470     2.45594E-03     27.7713E-06    -71.2433E-06     2.45475E-03
             471     2.45509E-03     27.7194E-06    -27.7194E-06     2.45477E-03
             472     2.45509E-03     27.7194E-06     27.7194E-06     2.45477E-03
             473     2.45594E-03     27.7713E-06     71.2433E-06     2.45475E-03
             474     2.45823E-03     28.1020E-06     126.836E-06     2.45480E-03
             475     2.35803E-03     21.4032E-06    -120.654E-06     2.35484E-03
             476     2.35611E-03     21.7031E-06    -77.2662E-06     2.35475E-03
             477     2.35499E-03     21.7702E-06    -21.7702E-06     2.35479E-03
             478     2.35499E-03     21.7702E-06     21.7702E-06     2.35479E-03
             479     2.35611E-03     21.7031E-06     77.2662E-06     2.35475E-03
             480     2.35803E-03     21.4032E-06     120.654E-06     2.35484E-03
             481     2.25834E-03     28.1391E-06    -126.887E-06     2.25460E-03
             482     2.25612E-03     27.8415E-06    -71.1933E-06     2.25482E-03
             483     2.25505E-03     27.7703E-06    -27.7703E-06     2.25471E-03
             484     2.25505E-03     27.7703E-06     27.7703E-06     2.25471E-03
             485     2.25612E-03     27.8415E-06     71.1933E-06     2.25482E-03
             486     2.25834E-03     28.1391E-06     126.887E-06     2.25460E-03
             487     2.15850E-03     21.2825E-06    -120.541E-06     2.15502E-03
             488     2.15618E-03     21.5885E-06    -77.3773E-06     2.15468E-03
             489     2.15507E-03     21.6594E-06    -21.6594E-06     2.15485E-03
             490     2.15507E-03     21.6594E-06     21.6594E-06     2.15485E-03
             491     2.15618E-03     21.5885E-06     77.3773E-06     2.15468E-03
             492     2.15850E-03     21.2825E-06     120.541E-06     2.15502E-03
             493     2.05854E-03     28.3264E-06    -127.061E-06     2.05442E-03
             494     2.05630E-03     28.0087E-06    -71.0216E-06     2.05488E-03
             495     2.05503E-03     27.9404E-06    -27.9404E-06     2.05465E-03
             496     2.05503E-03     27.9404E-06     27.9404E-06     2.05465E-03
             497     2.05630E-03     28.0087E-06     71.0216E-06     2.05488E-03
             498     2.05854E-03     28.3264E-06     127.061E-06     2.05442E-03
             499     1.95901E-03     21.0340E-06    -120.305E-06     1.95520E-03
             500     1.95628E-03     21.3645E-06    -77.6099E-06     1.95462E-03
             501     1.95514E-03     21.4294E-06    -21.4294E-06     1.95491E-03
             502     1.95514E-03     21.4294E-06     21.4294E-06     1.95491E-03
             503     1.95628E-03     21.3645E-06     77.6099E-06     1.95462E-03
             504     1.95901E-03     21.0340E-06     120.305E-06     1.95520E-03
             505     1.85883E-03     28.6373E-06    -127.362E-06     1.85424E-03
             506     1.85651E-03     28.2932E-06    -70.7268E-06     1.85494E-03
             507     1.85502E-03     28.2322E-06    -28.2322E-06     1.85459E-03
             508     1.85502E-03     28.2322E-06     28.2322E-06     1.85459E-03
             509     1.85651E-03     28.2932E-06     70.7268E-06     1.85494E-03
             510     1.85883E-03     28.6373E-06     127.362E-06     1.85424E-03
             511     1.75961E-03     20.6579E-06    -119.938E-06     1.75540E-03
             512     1.75641E-03     21.0164E-06    -77.9696E-06     1.75456E-03
             513     1.75523E-03     21.0734E-06    -21.0734E-06     1.75497E-03
             514     1.75523E-03     21.0734E-06     21.0734E-06     1.75497E-03
             515     1.75641E-03     21.0164E-06     77.9696E-06     1.75456E-03
             516     1.75961E-03     20.6579E-06     119.938E-06     1.75540E-03
             517     1.65921E-03     29.0823E-06    -127.799E-06     1.65403E-03
             518     1.65675E-03     28.7084E-06    -70.2988E-06     1.65501E-03
             519     1.65502E-03     28.6557E-06    -28.6557E-06     1.65453E-03
             520     1.65502E-03     28.6557E-06     28.6557E-06     1.65453E-03
             521     1.65675E-03     28.7084E-06     70.2988E-06     1.65501E-03
             522     1.65921E-03     29.0823E-06     127.799E-06     1.65403E-03
             523     1.56033E-03     20.1399E-06    -119.425E-06     1.55562E-03
             524     1.55660E-03     20.5305E-06    -78.4700E-06     1.55448E-03
             525     1.55532E-03     20.5784E-06    -20.5784E-06     1.55505E-03
             526     1.55532E-03     20.5784E-06     20.5784E-06     1.55505E-03
             527     1.55660E-03     20.5305E-06     78.4700E-06     1.55448E-03
             528     1.56033E-03     20.1399E-06     119.425E-06     1.55562E-03
             529     1.45976E-03     29.6779E-06    -128.391E-06     1.45380E-03
             530     1.45705E-03     29.2695E-06    -69.7214E-06     1.45509E-03
             531     1.45504E-03     29.2268E-06    -29.2268E-06     1.45445E-03
             532     1.45504E-03     29.2268E-06     29.2268E-06     1.45445E-03
             533     1.45705E-03     29.2695E-06     69.7214E-06     1.45509E-03
             534     1.45976E-03     29.6779E-06     128.391E-06     1.45380E-03
             535     1.36120E-03     19.4619E-06    -118.749E-06     1.35587E-03
             536     1.35686E-03     19.8890E-06    -79.1301E-06     1.35440E-03
             537     1.35542E-03     19.9258E-06    -19.9258E-06     1.35513E-03
             538     1.35542E-03     19.9258E-06     19.9258E-06     1.35513E-03
             539     1.35686E-03     19.8890E-06     79.1301E-06     1.35440E-03
             540     1.36120E-03     19.4619E-06     118.749E-06     1.35587E-03
             541     1.26053E-03     30.4437E-06    -129.158E-06     1.25353E-03
             542     1.25743E-03     29.9975E-06    -68.9729E-06     1.25518E-03
             543     1.25508E-03     29.9671E-06    -29.9671E-06     1.25436E-03
             544     1.25508E-03     29.9671E-06     29.9671E-06     1.25436E-03
             545     1.25743E-03     29.9975E-06     68.9729E-06     1.25518E-03
             546     1.26053E-03     30.4437E-06     129.158E-06     1.25353E-03
             547     1.16230E-03     18.6030E-06    -117.884E-06     1.15616E-03
             548     1.15723E-03     19.0679E-06    -79.9753E-06     1.15430E-03
             549     1.15554E-03     19.0923E-06    -19.0923E-06     1.15522E-03
             550     1.15554E-03     19.0923E-06     19.0923E-06     1.15522E-03
             551     1.15723E-03     19.0679E-06     79.9753E-06     1.15430E-03
             552     1.16230E-03     18.6030E-06     117.884E-06     1.15616E-03
             553     1.06169E-03     31.4021E-06    -130.132E-06     1.05321E-03
             554     1.05792E-03     30.9201E-06    -68.0244E-06     1.05528E-03
             555     1.05516E-03     30.9005E-06    -30.9005E-06     1.05426E-03
             556     1.05516E-03     30.9005E-06     30.9005E-06     1.05426E-03
             557     1.05792E-03     30.9201E-06     68.0244E-06     1.05528E-03
             558     1.06169E-03     31.4021E-06     130.132E-06     1.05321E-03
             559     963.765E-06     17.5348E-06    -116.786E-06     956.502E-06
             560     957.804E-06     18.0300E-06    -81.0325E-06     954.199E-06
             561     955.674E-06     18.0503E-06    -18.0503E-06     955.333E-06
             562     955.674E-06     18.0503E-06     18.0503E-06     955.333E-06
             563     957.804E-06     18.0300E-06     81.0325E-06     954.199E-06
             564     963.765E-06     17.5348E-06     116.786E-06     956.502E-06
             565     863.515E-06     32.5805E-06    -131.351E-06     852.844E-06
             566     858.611E-06     32.0791E-06    -66.8257E-06     855.405E-06
             567     855.360E-06     32.0497E-06    -32.0497E-06     854.158E-06
             568     855.360E-06     32.0497E-06     32.0497E-06     854.158E-06
             569     858.611E-06     32.0791E-06     66.8257E-06     855.405E-06
             570     863.515E-06     32.5805E-06     131.351E-06     852.844E-06
             571     765.872E-06     16.1901E-06    -115.376E-06     756.959E-06
             572     758.760E-06     16.6886E-06    -82.3059E-06     754.098E-06
             573     755.937E-06     16.7320E-06    -16.7320E-06     755.567E-06
             574     755.937E-06     16.7320E-06     16.7320E-06     755.567E-06
             575     758.760E-06     16.6886E-06     82.3059E-06     754.098E-06
             576     765.872E-06     16.1901E-06     115.376E-06     756.959E-06
             577     666.557E-06     34.0714E-06    -132.845E-06     652.296E-06
             578     659.762E-06     33.6069E-06    -65.3102E-06     655.661E-06
             579     655.809E-06     33.5209E-06    -33.5209E-06     654.093E-06
             580     655.809E-06     33.5209E-06     33.5209E-06     654.093E-06
             581     659.762E-06     33.6069E-06     65.3102E-06     655.661E-06
             582     666.557E-06     34.0714E-06     132.845E-06     652.296E-06
             583     569.165E-06     14.5059E-06    -113.845E-06     557.474E-06
             584     560.387E-06     14.9225E-06    -83.9367E-06     553.864E-06
             585     556.520E-06     14.9512E-06    -14.9512E-06     556.118E-06
             586     556.520E-06     14.9512E-06     14.9512E-06     556.118E-06
             587     560.387E-06     14.9225E-06     83.9367E-06     553.864E-06
             588     569.165E-06     14.5059E-06     113.845E-06     557.474E-06
             589     472.325E-06     36.3284E-06    -134.804E-06     451.220E-06
             590     461.737E-06     36.0574E-06    -64.1606E-06     455.834E-06
             591     455.959E-06     36.0869E-06    -36.0869E-06     453.094E-06
             592     455.959E-06     36.0869E-06     36.0869E-06     453.094E-06
             593     461.737E-06     36.0574E-06     64.1606E-06     455.834E-06
             594     472.325E-06     36.3284E-06     134.804E-06     451.220E-06
             595     374.254E-06     13.7851E-06    -114.615E-06     356.005E-06
             596     363.100E-06     13.7778E-06    -88.1785E-06     351.961E-06
             597     353.332E-06     13.5318E-06    -13.5318E-06     352.813E-06
             598     353.332E-06     13.5318E-06     13.5318E-06     352.813E-06
             599     363.100E-06     13.7778E-06     88.1785E-06     351.961E-06
             600     374.254E-06     13.7851E-06     114.615E-06     356.005E-06
             601     290.716E-06     39.1435E-06    -138.995E-06     252.317E-06
             602     262.471E-06     39.0773E-06    -67.8810E-06     250.512E-06
             603     250.098E-06     40.7261E-06    -40.7261E-06     243.376E-06
             604     250.098E-06     40.7261E-06     40.7261E-06     243.376E-06
             605     262.471E-06     39.0773E-06     67.8810E-06     250.512E-06
             606     290.716E-06     39.1435E-06     138.995E-06     252.317E-06
             607     190.785E-06     19.2448E-06    -116.841E-06     149.589E-06
             608     177.034E-06     18.1593E-06    -98.4262E-06     146.026E-06
             609     125.129E-06     19.2565E-06    -19.2565E-06     122.130E-06
             610     125.129E-06     19.2565E-06     19.2565E-06     122.130E-06
             611     177.034E-06     18.1593E-06     98.4262E-06     146.026E-06
             612     190.785E-06     19.2448E-06     116.841E-06     149.589E-06
             613     162.277E-06     19.3686E-06    -135.832E-06     86.6511E-06
             614     67.0737E-06     17.1167E-06    -55.0860E-06     34.2262E-06
             615     50.7510E-06     19.9896E-06    -19.9896E-06     42.1485E-06
             616     50.7510E-06     19.9896E-06     19.9896E-06     42.1485E-06
             617     67.0737E-06     17.1167E-06     55.0860E-06     34.2262E-06
             618     162.277E-06     19.3686E-06     135.832E-06     86.6511E-06
             619              0.     23.0482E-39    -281.279E-39     585.435E-39
             620              0.     50.2461E-39    -291.926E-39     861.164E-39
             621              0.     60.7500E-39    -60.7500E-39     821.168E-39
             622              0.     60.7500E-39     60.7500E-39     821.168E-39
             623              0.     50.2461E-39     291.926E-39     861.164E-39
             624              0.     23.0482E-39     281.279E-39     585.435E-39
             625     2.45896E-03     70.8113E-06    -126.737E-06     2.45467E-03
             626     2.45689E-03     71.2368E-06    -71.2368E-06     2.45482E-03
             627     2.45594E-03     71.2433E-06    -27.7713E-06     2.45475E-03
             628     2.45594E-03     71.2433E-06     27.7713E-06     2.45475E-03
             629     2.45689E-03     71.2368E-06     71.2368E-06     2.45482E-03
             630     2.45896E-03     70.8113E-06     126.737E-06     2.45467E-03
             631     2.35919E-03     77.6844E-06    -120.734E-06     2.35482E-03
             632     2.35720E-03     77.2915E-06    -77.2915E-06     2.35467E-03
             633     2.35611E-03     77.2662E-06    -21.7031E-06     2.35475E-03
             634     2.35611E-03     77.2662E-06     21.7031E-06     2.35475E-03
             635     2.35720E-03     77.2915E-06     77.2915E-06     2.35467E-03
             636     2.35919E-03     77.6844E-06     120.734E-06     2.35482E-03
             637     2.25939E-03     70.7736E-06    -126.817E-06     2.25472E-03
             638     2.25718E-03     71.1612E-06    -71.1612E-06     2.25493E-03
             639     2.25612E-03     71.1933E-06    -27.8415E-06     2.25482E-03
             640     2.25612E-03     71.1933E-06     27.8415E-06     2.25482E-03
             641     2.25718E-03     71.1612E-06     71.1612E-06     2.25493E-03
             642     2.25939E-03     70.7736E-06     126.817E-06     2.25472E-03
             643     2.15961E-03     77.8019E-06    -120.608E-06     2.15484E-03
             644     2.15730E-03     77.4092E-06    -77.4092E-06     2.15452E-03
             645     2.15618E-03     77.3773E-06    -21.5885E-06     2.15468E-03
             646     2.15618E-03     77.3773E-06     21.5885E-06     2.15468E-03
             647     2.15730E-03     77.4092E-06     77.4092E-06     2.15452E-03
             648     2.15961E-03     77.8019E-06     120.608E-06     2.15484E-03
             649     2.05980E-03     70.5896E-06    -126.993E-06     2.05467E-03
             650     2.05755E-03     70.9925E-06    -70.9925E-06     2.05510E-03
             651     2.05630E-03     71.0216E-06    -28.0087E-06     2.05488E-03
             652     2.05630E-03     71.0216E-06     28.0087E-06     2.05488E-03
             653     2.05755E-03     70.9925E-06     70.9925E-06     2.05510E-03
             654     2.05980E-03     70.5896E-06     126.993E-06     2.05467E-03
             655     1.96015E-03     78.0510E-06    -120.377E-06     1.95489E-03
             656     1.95743E-03     77.6351E-06    -77.6351E-06     1.95435E-03
             657     1.95628E-03     77.6099E-06    -21.3645E-06     1.95462E-03
             658     1.95628E-03     77.6099E-06     21.3645E-06     1.95462E-03
             659     1.95743E-03     77.6351E-06     77.6351E-06     1.95435E-03
             660     1.96015E-03     78.0510E-06     120.377E-06     1.95489E-03
             661     1.86031E-03     70.2752E-06    -127.283E-06     1.85462E-03
             662     1.85797E-03     70.7063E-06    -70.7063E-06     1.85528E-03
             663     1.85651E-03     70.7268E-06    -28.2932E-06     1.85494E-03
             664     1.85651E-03     70.7268E-06     28.2932E-06     1.85494E-03
             665     1.85797E-03     70.7063E-06     70.7063E-06     1.85528E-03
             666     1.86031E-03     70.2752E-06     127.283E-06     1.85462E-03
             667     1.76080E-03     78.4333E-06    -120.026E-06     1.75495E-03
             668     1.75762E-03     77.9847E-06    -77.9847E-06     1.75416E-03
             669     1.75641E-03     77.9696E-06    -21.0164E-06     1.75456E-03
             670     1.75641E-03     77.9696E-06     21.0164E-06     1.75456E-03
             671     1.75762E-03     77.9847E-06     77.9847E-06     1.75416E-03
             672     1.76080E-03     78.4333E-06     120.026E-06     1.75495E-03
             673     1.66094E-03     69.8218E-06    -127.700E-06     1.65455E-03
             674     1.65846E-03     70.2900E-06    -70.2900E-06     1.65548E-03
             675     1.65675E-03     70.2988E-06    -28.7084E-06     1.65501E-03
             676     1.65675E-03     70.2988E-06     28.7084E-06     1.65501E-03
             677     1.65846E-03     70.2900E-06     70.2900E-06     1.65548E-03
             678     1.66094E-03     69.8218E-06     127.700E-06     1.65455E-03
             679     1.56160E-03     78.9617E-06    -119.538E-06     1.55501E-03
             680     1.55790E-03     78.4717E-06    -78.4717E-06     1.55394E-03
             681     1.55660E-03     78.4700E-06    -20.5305E-06     1.55448E-03
             682     1.55660E-03     78.4700E-06     20.5305E-06     1.55448E-03
             683     1.55790E-03     78.4717E-06     78.4717E-06     1.55394E-03
             684     1.56160E-03     78.9617E-06     119.538E-06     1.55501E-03
             685     1.46177E-03     69.2140E-06    -128.262E-06     1.45448E-03
             686     1.45904E-03     69.7279E-06    -69.7279E-06     1.45571E-03
             687     1.45705E-03     69.7214E-06    -29.2695E-06     1.45509E-03
             688     1.45705E-03     69.7214E-06     29.2695E-06     1.45509E-03
             689     1.45904E-03     69.7279E-06     69.7279E-06     1.45571E-03
             690     1.46177E-03     69.2140E-06     128.262E-06     1.45448E-03
             691     1.36263E-03     79.6543E-06    -118.897E-06     1.35509E-03
             692     1.35832E-03     79.1142E-06    -79.1142E-06     1.35370E-03
             693     1.35686E-03     79.1301E-06    -19.8890E-06     1.35440E-03
             694     1.35686E-03     79.1301E-06     19.8890E-06     1.35440E-03
             695     1.35832E-03     79.1142E-06     79.1142E-06     1.35370E-03
             696     1.36263E-03     79.6543E-06     118.897E-06     1.35509E-03
             697     1.26287E-03     68.4313E-06    -128.990E-06     1.25440E-03
             698     1.25976E-03     68.9993E-06    -68.9993E-06     1.25597E-03
             699     1.25743E-03     68.9729E-06    -29.9975E-06     1.25518E-03
             700     1.25743E-03     68.9729E-06     29.9975E-06     1.25518E-03
             701     1.25976E-03     68.9993E-06     68.9993E-06     1.25597E-03
             702     1.26287E-03     68.4313E-06     128.990E-06     1.25440E-03
             703     1.16400E-03     80.5340E-06    -118.076E-06     1.15519E-03
             704     1.15894E-03     79.9365E-06    -79.9365E-06     1.15341E-03
             705     1.15723E-03     79.9753E-06    -19.0679E-06     1.15430E-03
             706     1.15723E-03     79.9753E-06     19.0679E-06     1.15430E-03
             707     1.15894E-03     79.9365E-06     79.9365E-06     1.15341E-03
             708     1.16400E-03     80.5340E-06     118.076E-06     1.15519E-03
             709     1.06441E-03     67.4475E-06    -129.911E-06     1.05429E-03
             710     1.06066E-03     68.0753E-06    -68.0753E-06     1.05628E-03
             711     1.05792E-03     68.0244E-06    -30.9201E-06     1.05528E-03
             712     1.05792E-03     68.0244E-06     30.9201E-06     1.05528E-03
             713     1.06066E-03     68.0753E-06     68.0753E-06     1.05628E-03
             714     1.06441E-03     67.4475E-06     129.911E-06     1.05429E-03
             715     965.907E-06     81.6239E-06    -117.040E-06     955.309E-06
             716     959.920E-06     80.9664E-06    -80.9664E-06     953.067E-06
             717     957.804E-06     81.0325E-06    -18.0300E-06     954.199E-06
             718     957.804E-06     81.0325E-06     18.0300E-06     954.199E-06
             719     959.920E-06     80.9664E-06     80.9664E-06     953.067E-06
             720     965.907E-06     81.6239E-06     117.040E-06     955.309E-06
             721     866.679E-06     66.2201E-06    -131.049E-06     854.150E-06
             722     861.897E-06     66.9047E-06    -66.9047E-06     856.688E-06
             723     858.611E-06     66.8257E-06    -32.0791E-06     855.405E-06
             724     858.611E-06     66.8257E-06     32.0791E-06     855.405E-06
             725     861.897E-06     66.9047E-06     66.9047E-06     856.688E-06
             726     866.679E-06     66.2201E-06     131.049E-06     854.150E-06
             727     768.749E-06     82.9348E-06    -115.767E-06     755.444E-06
             728     761.491E-06     82.2359E-06    -82.2359E-06     752.558E-06
             729     758.760E-06     82.3059E-06    -16.6886E-06     754.098E-06
             730     758.760E-06     82.3059E-06     16.6886E-06     754.098E-06
             731     761.491E-06     82.2359E-06     82.2359E-06     752.558E-06
             732     768.749E-06     82.9348E-06     115.767E-06     755.444E-06
             733     670.273E-06     64.7284E-06    -132.409E-06     653.869E-06
             734     663.819E-06     65.4191E-06    -65.4191E-06     657.340E-06
             735     659.762E-06     65.3102E-06    -33.6069E-06     655.661E-06
             736     659.762E-06     65.3102E-06     33.6069E-06     655.661E-06
             737     663.819E-06     65.4191E-06     65.4191E-06     657.340E-06
             738     670.273E-06     64.7284E-06     132.409E-06     653.869E-06
             739     573.450E-06     84.6482E-06    -114.528E-06     555.485E-06
             740     564.348E-06     84.0112E-06    -84.0112E-06     551.700E-06
             741     560.387E-06     83.9367E-06    -14.9225E-06     553.864E-06
             742     560.387E-06     83.9367E-06     14.9225E-06     553.864E-06
             743     564.348E-06     84.0112E-06     84.0112E-06     551.700E-06
             744     573.450E-06     84.6482E-06     114.528E-06     555.485E-06
             745     477.174E-06     63.6990E-06    -134.263E-06     453.443E-06
             746     467.042E-06     64.1674E-06    -64.1674E-06     458.142E-06
             747     461.737E-06     64.1606E-06    -36.0574E-06     455.834E-06
             748     461.737E-06     64.1606E-06     36.0574E-06     455.834E-06
             749     467.042E-06     64.1674E-06     64.1674E-06     458.142E-06
             750     477.174E-06     63.6990E-06     134.263E-06     453.443E-06
             751     384.798E-06     88.3959E-06    -114.525E-06     356.567E-06
             752     373.576E-06     88.0745E-06    -88.0745E-06     352.200E-06
             753     363.100E-06     88.1785E-06    -13.7778E-06     351.961E-06
             754     363.100E-06     88.1785E-06     13.7778E-06     351.961E-06
             755     373.576E-06     88.0745E-06     88.0745E-06     352.200E-06
             756     384.798E-06     88.3959E-06     114.525E-06     356.567E-06
             757     299.032E-06     66.0076E-06    -137.724E-06     257.090E-06
             758     271.025E-06     65.8641E-06    -65.8641E-06     254.516E-06
             759     262.471E-06     67.8810E-06    -39.0773E-06     250.512E-06
             760     262.471E-06     67.8810E-06     39.0773E-06     250.512E-06
             761     271.025E-06     65.8641E-06     65.8641E-06     254.516E-06
             762     299.032E-06     66.0076E-06     137.724E-06     257.090E-06
             763     221.841E-06     91.5519E-06    -107.738E-06     170.951E-06
             764     211.881E-06     91.9660E-06    -91.9660E-06     167.267E-06
             765     177.034E-06     98.4262E-06    -18.1593E-06     146.026E-06
             766     177.034E-06     98.4262E-06     18.1593E-06     146.026E-06
             767     211.881E-06     91.9660E-06     91.9660E-06     167.267E-06
             768     221.841E-06     91.5519E-06     107.738E-06     170.951E-06
             769     159.032E-06     47.8164E-06    -129.166E-06     79.5041E-06
             770     72.6426E-06     47.2983E-06    -47.2983E-06     28.3318E-06
             771     67.0737E-06     55.0860E-06    -17.1167E-06     34.2262E-06
             772     67.0737E-06     55.0860E-06     17.1167E-06     34.2262E-06
             773     72.6426E-06     47.2983E-06     47.2983E-06     28.3318E-06
             774     159.032E-06     47.8164E-06     129.166E-06     79.5041E-06
             775              0.     134.134E-39    -275.366E-39     615.385E-39
             776              0.     275.661E-39    -275.661E-39     922.695E-39
             777              0.     291.926E-39    -50.2461E-39     861.164E-39
             778              0.     291.926E-39     50.2461E-39     861.164E-39
             779              0.     275.661E-39     275.661E-39     922.695E-39
             780              0.     134.134E-39     275.366E-39     615.385E-39
             781     2.46154E-03     127.397E-06    -127.397E-06     2.45493E-03
             782     2.45896E-03     126.737E-06    -70.8113E-06     2.45467E-03
             783     2.45823E-03     126.836E-06    -28.1020E-06     2.45480E-03
             784     2.45823E-03     126.836E-06     28.1020E-06     2.45480E-03
             785     2.45896E-03     126.737E-06     70.8113E-06     2.45467E-03
             786     2.46154E-03     127.397E-06     127.397E-06     2.45493E-03
             787     2.36099E-03     120.114E-06    -120.114E-06     2.35487E-03
             788     2.35919E-03     120.734E-06    -77.6844E-06     2.35482E-03
             789     2.35803E-03     120.654E-06    -21.4032E-06     2.35484E-03
             790     2.35803E-03     120.654E-06     21.4032E-06     2.35484E-03
             791     2.35919E-03     120.734E-06     77.6844E-06     2.35482E-03
             792     2.36099E-03     120.114E-06     120.114E-06     2.35487E-03
             793     2.26167E-03     127.417E-06    -127.417E-06     2.25448E-03
             794     2.25939E-03     126.817E-06    -70.7736E-06     2.25472E-03
             795     2.25834E-03     126.887E-06    -28.1391E-06     2.25460E-03
             796     2.25834E-03     126.887E-06     28.1391E-06     2.25460E-03
             797     2.25939E-03     126.817E-06     70.7736E-06     2.25472E-03
             798     2.26167E-03     127.417E-06     127.417E-06     2.25448E-03
             799     2.16189E-03     120.012E-06    -120.012E-06     2.15522E-03
             800     2.15961E-03     120.608E-06    -77.8019E-06     2.15484E-03
             801     2.15850E-03     120.541E-06    -21.2825E-06     2.15502E-03
             802     2.15850E-03     120.541E-06     21.2825E-06     2.15502E-03
             803     2.15961E-03     120.608E-06     77.8019E-06     2.15484E-03
             804     2.16189E-03     120.012E-06     120.012E-06     2.15522E-03
             805     2.06207E-03     127.595E-06    -127.595E-06     2.05416E-03
             806     2.05980E-03     126.993E-06    -70.5896E-06     2.05467E-03
             807     2.05854E-03     127.061E-06    -28.3264E-06     2.05442E-03
             808     2.05854E-03     127.061E-06     28.3264E-06     2.05442E-03
             809     2.05980E-03     126.993E-06     70.5896E-06     2.05467E-03
             810     2.06207E-03     127.595E-06     127.595E-06     2.05416E-03
             811     1.96286E-03     119.762E-06    -119.762E-06     1.95554E-03
             812     1.96015E-03     120.377E-06    -78.0510E-06     1.95489E-03
             813     1.95901E-03     120.305E-06    -21.0340E-06     1.95520E-03
             814     1.95901E-03     120.305E-06     21.0340E-06     1.95520E-03
             815     1.96015E-03     120.377E-06     78.0510E-06     1.95489E-03
             816     1.96286E-03     119.762E-06     119.762E-06     1.95554E-03
             817     1.86264E-03     127.918E-06    -127.918E-06     1.85383E-03
             818     1.86031E-03     127.283E-06    -70.2752E-06     1.85462E-03
             819     1.85883E-03     127.362E-06    -28.6373E-06     1.85424E-03
             820     1.85883E-03     127.362E-06     28.6373E-06     1.85424E-03
             821     1.86031E-03     127.283E-06     70.2752E-06     1.85462E-03
             822     1.86264E-03     127.918E-06     127.918E-06     1.85383E-03
             823     1.76397E-03     119.365E-06    -119.365E-06     1.75588E-03
             824     1.76080E-03     120.026E-06    -78.4333E-06     1.75495E-03
             825     1.75961E-03     119.938E-06    -20.6579E-06     1.75540E-03
             826     1.75961E-03     119.938E-06     20.6579E-06     1.75540E-03
             827     1.76080E-03     120.026E-06     78.4333E-06     1.75495E-03
             828     1.76397E-03     119.365E-06     119.365E-06     1.75588E-03
             829     1.66342E-03     128.391E-06    -128.391E-06     1.65348E-03
             830     1.66094E-03     127.700E-06    -69.8218E-06     1.65455E-03
             831     1.65921E-03     127.799E-06    -29.0823E-06     1.65403E-03
             832     1.65921E-03     127.799E-06     29.0823E-06     1.65403E-03
             833     1.66094E-03     127.700E-06     69.8218E-06     1.65455E-03
             834     1.66342E-03     128.391E-06     128.391E-06     1.65348E-03
             835     1.56530E-03     118.813E-06    -118.813E-06     1.55625E-03
             836     1.56160E-03     119.538E-06    -78.9617E-06     1.55501E-03
             837     1.56033E-03     119.425E-06    -20.1399E-06     1.55562E-03
             838     1.56033E-03     119.425E-06     20.1399E-06     1.55562E-03
             839     1.56160E-03     119.538E-06     78.9617E-06     1.55501E-03
             840     1.56530E-03     118.813E-06     118.813E-06     1.55625E-03
             841     1.46449E-03     129.027E-06    -129.027E-06     1.45307E-03
             842     1.46177E-03     128.262E-06    -69.2140E-06     1.45448E-03
             843     1.45976E-03     128.391E-06    -29.6779E-06     1.45380E-03
             844     1.45976E-03     128.391E-06     29.6779E-06     1.45380E-03
             845     1.46177E-03     128.262E-06     69.2140E-06     1.45448E-03
             846     1.46449E-03     129.027E-06     129.027E-06     1.45307E-03
             847     1.36692E-03     118.088E-06    -118.088E-06     1.35668E-03
             848     1.36263E-03     118.897E-06    -79.6543E-06     1.35509E-03
             849     1.36120E-03     118.749E-06    -19.4619E-06     1.35587E-03
             850     1.36120E-03     118.749E-06     19.4619E-06     1.35587E-03
             851     1.36263E-03     118.897E-06     79.6543E-06     1.35509E-03
             852     1.36692E-03     118.088E-06     118.088E-06     1.35668E-03
             853     1.26601E-03     129.847E-06    -129.847E-06     1.25262E-03
             854     1.26287E-03     128.990E-06    -68.4313E-06     1.25440E-03
             855     1.26053E-03     129.158E-06    -30.4437E-06     1.25353E-03
             856     1.26053E-03     129.158E-06     30.4437E-06     1.25353E-03
             857     1.26287E-03     128.990E-06     68.4313E-06     1.25440E-03
             858     1.26601E-03     129.847E-06     129.847E-06     1.25262E-03
             859     1.16897E-03     117.164E-06    -117.164E-06     1.15717E-03
             860     1.16400E-03     118.076E-06    -80.5340E-06     1.15519E-03
             861     1.16230E-03     117.884E-06    -18.6030E-06     1.15616E-03
             862     1.16230E-03     117.884E-06     18.6030E-06     1.15616E-03
             863     1.16400E-03     118.076E-06     80.5340E-06     1.15519E-03
             864     1.16897E-03     117.164E-06     117.164E-06     1.15717E-03
             865     1.06825E-03     130.881E-06    -130.881E-06     1.05210E-03
             866     1.06441E-03     129.911E-06    -67.4475E-06     1.05429E-03
             867     1.06169E-03     130.132E-06    -31.4021E-06     1.05321E-03
             868     1.06169E-03     130.132E-06     31.4021E-06     1.05321E-03
             869     1.06441E-03     129.911E-06     67.4475E-06     1.05429E-03
             870     1.06825E-03     130.881E-06     130.881E-06     1.05210E-03
             871     971.692E-06     116.004E-06    -116.004E-06     957.743E-06
             872     965.907E-06     117.040E-06    -81.6239E-06     955.309E-06
             873     963.765E-06     116.786E-06    -17.5348E-06     956.502E-06
             874     963.765E-06     116.786E-06     17.5348E-06     956.502E-06
             875     965.907E-06     117.040E-06     81.6239E-06     955.309E-06
             876     971.692E-06     116.004E-06     116.004E-06     957.743E-06
             877     871.732E-06     132.163E-06    -132.163E-06     851.459E-06
             878     866.679E-06     131.049E-06    -66.2201E-06     854.150E-06
             879     863.515E-06     131.351E-06    -32.5805E-06     852.844E-06
             880     863.515E-06     131.351E-06     32.5805E-06     852.844E-06
             881     866.679E-06     131.049E-06     66.2201E-06     854.150E-06
             882     871.732E-06     132.163E-06     132.163E-06     851.459E-06
             883     775.499E-06     114.569E-06    -114.569E-06     758.384E-06
             884     768.749E-06     115.767E-06    -82.9348E-06     755.444E-06
             885     765.872E-06     115.376E-06    -16.1901E-06     756.959E-06
             886     765.872E-06     115.376E-06     16.1901E-06     756.959E-06
             887     768.749E-06     115.767E-06     82.9348E-06     755.444E-06
             888     775.499E-06     114.569E-06     114.569E-06     758.384E-06
             889     677.448E-06     133.756E-06    -133.756E-06     650.503E-06
             890     670.273E-06     132.409E-06    -64.7284E-06     653.869E-06
             891     666.557E-06     132.845E-06    -34.0714E-06     652.296E-06
             892     666.557E-06     132.845E-06     34.0714E-06     652.296E-06
             893     670.273E-06     132.409E-06     64.7284E-06     653.869E-06
             894     677.448E-06     133.756E-06     133.756E-06     650.503E-06
             895     581.226E-06     113.114E-06    -113.114E-06     558.779E-06
             896     573.450E-06     114.528E-06    -84.6482E-06     555.485E-06
             897     569.165E-06     113.845E-06    -14.5059E-06     557.474E-06
             898     569.165E-06     113.845E-06     14.5059E-06     557.474E-06
             899     573.450E-06     114.528E-06     84.6482E-06     555.485E-06
             900     581.226E-06     113.114E-06     113.114E-06     558.779E-06
             901     489.283E-06     135.934E-06    -135.934E-06     449.936E-06
             902     477.174E-06     134.263E-06    -63.6990E-06     453.443E-06
             903     472.325E-06     134.804E-06    -36.3284E-06     451.220E-06
             904     472.325E-06     134.804E-06     36.3284E-06     451.220E-06
             905     477.174E-06     134.263E-06     63.6990E-06     453.443E-06
             906     489.283E-06     135.934E-06     135.934E-06     449.936E-06
             907     393.147E-06     112.686E-06    -112.686E-06     359.401E-06
             908     384.798E-06     114.525E-06    -88.3959E-06     356.567E-06
             909     374.254E-06     114.615E-06    -13.7851E-06     356.005E-06
             910     374.254E-06     114.615E-06     13.7851E-06     356.005E-06
             911     384.798E-06     114.525E-06     88.3959E-06     356.567E-06
             912     393.147E-06     112.686E-06     112.686E-06     359.401E-06
             913     327.778E-06     137.965E-06    -137.965E-06     263.381E-06
             914     299.032E-06     137.724E-06    -66.0076E-06     257.090E-06
             915     290.716E-06     138.995E-06    -39.1435E-06     252.317E-06
             916     290.716E-06     138.995E-06     39.1435E-06     252.317E-06
             917     299.032E-06     137.724E-06     66.0076E-06     257.090E-06
             918     327.778E-06     137.965E-06     137.965E-06     263.381E-06
             919     228.453E-06     104.089E-06    -104.089E-06     174.705E-06
             920     221.841E-06     107.738E-06    -91.5519E-06     170.951E-06
             921     190.785E-06     116.841E-06    -19.2448E-06     149.589E-06
             922     190.785E-06     116.841E-06     19.2448E-06     149.589E-06
             923     221.841E-06     107.738E-06     91.5519E-06     170.951E-06
             924     228.453E-06     104.089E-06     104.089E-06     174.705E-06
             925     213.424E-06     120.396E-06    -120.396E-06     128.684E-06
             926     159.032E-06     129.166E-06    -47.8164E-06     79.5041E-06
             927     162.277E-06     135.832E-06    -19.3686E-06     86.6511E-06
             928     162.277E-06     135.832E-06     19.3686E-06     86.6511E-06
             929     159.032E-06     129.166E-06     47.8164E-06     79.5041E-06
             930     213.424E-06     120.396E-06     120.396E-06     128.684E-06
             931              0.     137.752E-39    -137.752E-39     382.167E-39
             932              0.     275.366E-39    -134.134E-39     615.385E-39
             933              0.     281.279E-39    -23.0482E-39     585.435E-39
             934              0.     281.279E-39     23.0482E-39     585.435E-39
             935              0.     275.366E-39     134.134E-39     615.385E-39
             936              0.     137.752E-39     137.752E-39     382.167E-39


  Minimum                     0.    -138.995E-06    -138.995E-06     382.167E-39
         At Node             936             136             601             936

  Maximum            2.46154E-03     138.995E-06     138.995E-06     2.45493E-03
         At Node             786             916             606             786

           Total         1.13959     10.9139E-12     7.27596E-12         1.12966


