1
0
1
ASSEMBLY
1
PART-1-1
PART-1
1
PART-1-1
24
1 1
2 2
3 3
4 4
5 5
6 6
7 7
8 8
9 9
10 10
11 11
12 12
13 13
14 14
15 15
16 16
17 17
18 18
19 19
20 20
21 21
22 22
23 23
24 24
-2147483647
0
1
PART-1-1
10
1 1
2 2
3 3
4 4
5 5
6 6
7 7
8 8
9 9
10 10
-2147483647
0
2
SET-3
0
1
0
1
PART-1-1
2
1 2 
0
_SURF-1_S2
0
2
0
1
PART-1-1
2
9 10 
0
1
PART-1-1
1
SET-1
0
1
10
1 2 3 4 5 6 7 8 9 10 
0
0
0
5
SET-1
0
1
0
1
PART-1-1
4
1 2 3 4 
0
SET-2
0
1
0
1
PART-1-1
4
21 22 23 24 
0
SET-3
0
1
0
1
PART-1-1
4
1 2 3 4 
0
SET-4
0
1
0
1
PART-1-1
4
1 2 3 4 
0
SET-5
0
1
0
1
PART-1-1
4
21 22 23 24 
0
1
PART-1-1
1
SET-1
0
1
24
1 2 3 4 5 6 7 8 9 10 11 12 13 14 15 16 17 18 19 20 21 22 23 24 
0
0
0
0
1
SURF-1
0
0
0
1
PART-1-1
0
0
1
S2
2
9 10 
